Using pre-set license
Built from '2021.3/evg/staging/82bb020e-b03b1330/draft-0' branch; Version is '2021.3.16f1 (4016570cf34f) revision 4200023'; Using compiler version '192829333'; Build Type 'Release'
OS: 'Windows 11  (10.0.22621) 64bit CoreCountrySpecific' Language: 'zh' Physical Memory: 16021 MB
BatchMode: 1, IsHumanControllingUs: 0, StartBugReporterOnCrash: 0, Is64bit: 1, IsPro: 1

COMMAND LINE ARGUMENTS:
C:\Program Files\Unity 2021.3.16f1\Editor\Unity.exe
-adb2
-batchMode
-noUpm
-name
AssetImportWorker6
-projectPath
E:/文件/Project/2023SeriousGameProjectTeliaGroup/TeliaSG2023
-logFile
Logs/AssetImportWorker6.log
-srvPort
65393
Successfully changed project path to: E:/文件/Project/2023SeriousGameProjectTeliaGroup/TeliaSG2023
E:/文件/Project/2023SeriousGameProjectTeliaGroup/TeliaSG2023
[UnityMemory] Configuration Parameters - Can be set up in boot.config
    "memorysetup-bucket-allocator-granularity=16"
    "memorysetup-bucket-allocator-bucket-count=8"
    "memorysetup-bucket-allocator-block-size=33554432"
    "memorysetup-bucket-allocator-block-count=8"
    "memorysetup-main-allocator-block-size=16777216"
    "memorysetup-thread-allocator-block-size=16777216"
    "memorysetup-gfx-main-allocator-block-size=16777216"
    "memorysetup-gfx-thread-allocator-block-size=16777216"
    "memorysetup-cache-allocator-block-size=4194304"
    "memorysetup-typetree-allocator-block-size=2097152"
    "memorysetup-profiler-bucket-allocator-granularity=16"
    "memorysetup-profiler-bucket-allocator-bucket-count=8"
    "memorysetup-profiler-bucket-allocator-block-size=33554432"
    "memorysetup-profiler-bucket-allocator-block-count=8"
    "memorysetup-profiler-allocator-block-size=16777216"
    "memorysetup-profiler-editor-allocator-block-size=1048576"
    "memorysetup-temp-allocator-size-main=16777216"
    "memorysetup-job-temp-allocator-block-size=2097152"
    "memorysetup-job-temp-allocator-block-size-background=1048576"
    "memorysetup-job-temp-allocator-reduction-small-platforms=262144"
    "memorysetup-temp-allocator-size-background-worker=32768"
    "memorysetup-temp-allocator-size-job-worker=262144"
    "memorysetup-temp-allocator-size-preload-manager=33554432"
    "memorysetup-temp-allocator-size-nav-mesh-worker=65536"
    "memorysetup-temp-allocator-size-audio-worker=65536"
    "memorysetup-temp-allocator-size-cloud-worker=32768"
    "memorysetup-temp-allocator-size-gi-baking-worker=262144"
    "memorysetup-temp-allocator-size-gfx=262144"
Player connection [27976] Host "[IP] 192.168.1.106 [Port] 0 [Flags] 2 [Guid] 4136224047 [EditorId] 4136224047 [Version] 1048832 [Id] WindowsEditor(7,LAPTOP-2G41AH9R) [Debug] 1 [PackageName] WindowsEditor [ProjectName] Editor" joined multi-casting on [225.0.0.222:54997]...

Player connection [27976] Host "[IP] 192.168.1.106 [Port] 0 [Flags] 2 [Guid] 4136224047 [EditorId] 4136224047 [Version] 1048832 [Id] WindowsEditor(7,LAPTOP-2G41AH9R) [Debug] 1 [PackageName] WindowsEditor [ProjectName] Editor" joined alternative multi-casting on [225.0.0.222:34997]...

Refreshing native plugins compatible for Editor in 83.23 ms, found 4 plugins.
Preloading 0 native plugins for Editor in 0.00 ms.
Initialize engine version: 2021.3.16f1 (4016570cf34f)
[Subsystems] Discovering subsystems at path C:/Program Files/Unity 2021.3.16f1/Editor/Data/Resources/UnitySubsystems
[Subsystems] Discovering subsystems at path E:/文件/Project/2023SeriousGameProjectTeliaGroup/TeliaSG2023/Assets
GfxDevice: creating device client; threaded=0; jobified=0
Direct3D:
    Version:  Direct3D 11.0 [level 11.1]
    Renderer: NVIDIA GeForce RTX 3060 Laptop GPU (ID=0x2520)
    Vendor:   NVIDIA
    VRAM:     6009 MB
    Driver:   31.0.15.3667
Initialize mono
Mono path[0] = 'C:/Program Files/Unity 2021.3.16f1/Editor/Data/Managed'
Mono path[1] = 'C:/Program Files/Unity 2021.3.16f1/Editor/Data/MonoBleedingEdge/lib/mono/unityjit-win32'
Mono config path = 'C:/Program Files/Unity 2021.3.16f1/Editor/Data/MonoBleedingEdge/etc'
Using monoOptions --debugger-agent=transport=dt_socket,embedding=1,server=y,suspend=n,address=127.0.0.1:56728
Begin MonoManager ReloadAssembly
Registering precompiled unity dll's ...
Register platform support module: C:/Program Files/Unity 2021.3.16f1/Editor/Data/PlaybackEngines/WindowsStandaloneSupport/UnityEditor.WindowsStandalone.Extensions.dll
Registered in 0.003925 seconds.
Native extension for WindowsStandalone target not found
Refreshing native plugins compatible for Editor in 84.16 ms, found 4 plugins.
Preloading 0 native plugins for Editor in 0.00 ms.
Mono: successfully reloaded assembly
- Completed reload, in  0.555 seconds
Domain Reload Profiling:
	ReloadAssembly (556ms)
		BeginReloadAssembly (63ms)
			ExecutionOrderSort (0ms)
			DisableScriptedObjects (0ms)
			BackupInstance (0ms)
			ReleaseScriptingObjects (0ms)
			CreateAndSetChildDomain (1ms)
		EndReloadAssembly (387ms)
			LoadAssemblies (61ms)
			RebuildTransferFunctionScriptingTraits (0ms)
			SetupTypeCache (83ms)
			ReleaseScriptCaches (0ms)
			RebuildScriptCaches (20ms)
			SetupLoadedEditorAssemblies (238ms)
				LogAssemblyErrors (0ms)
				InitializePlatformSupportModulesInManaged (5ms)
				SetLoadedEditorAssemblies (0ms)
				RefreshPlugins (84ms)
				BeforeProcessingInitializeOnLoad (1ms)
				ProcessInitializeOnLoadAttributes (110ms)
				ProcessInitializeOnLoadMethodAttributes (38ms)
				AfterProcessingInitializeOnLoad (0ms)
				EditorAssembliesLoaded (0ms)
			ExecutionOrderSort2 (0ms)
			AwakeInstancesAfterBackupRestoration (0ms)
Platform modules already initialized, skipping
Registering precompiled user dll's ...
Registered in 0.017229 seconds.
Begin MonoManager ReloadAssembly
Symbol file LoadedFromMemory doesn't match image E:\文件\Project\2023SeriousGameProjectTeliaGroup\TeliaSG2023\Library\PackageCache\com.unity.visualscripting@1.7.8\Editor\VisualScripting.Core\Dependencies\DotNetZip\Unity.VisualScripting.IonicZip.dll
Symbol file LoadedFromMemory doesn't match image E:\文件\Project\2023SeriousGameProjectTeliaGroup\TeliaSG2023\Library\PackageCache\com.unity.visualscripting@1.7.8\Editor\VisualScripting.Core\Dependencies\YamlDotNet\Unity.VisualScripting.YamlDotNet.dll
Native extension for WindowsStandalone target not found
Refreshing native plugins compatible for Editor in 94.07 ms, found 4 plugins.
Preloading 0 native plugins for Editor in 0.00 ms.
Adding registration method Yarn.Unity.Generated.ActionRegistration.RegisterActions
UnityEngine.StackTraceUtility:ExtractStackTrace ()
UnityEngine.DebugLogHandler:LogFormat (UnityEngine.LogType,UnityEngine.Object,string,object[])
UnityEngine.Logger:Log (UnityEngine.LogType,object)
UnityEngine.Debug:Log (object)
Yarn.Unity.Actions:AddRegistrationMethod (System.Action`1<Yarn.Unity.IActionRegistration>) (at Library/PackageCache/dev.yarnspinner.unity@2.3.1/Runtime/Commands/Actions.cs:606)
Yarn.Unity.Generated.ActionRegistration:AddRegisterFunction () (at YarnSpinner.Unity.SourceCodeGenerator/ActionRegistrationSourceGenerator/YarnActionRegistration-YarnSpinnerTests.CommandsInAnAssemblyDefinition.Generated.cs:12)
System.Reflection.RuntimeMethodInfo:Invoke (object,System.Reflection.BindingFlags,System.Reflection.Binder,object[],System.Globalization.CultureInfo)
System.Reflection.MethodBase:Invoke (object,object[])
UnityEditor.EditorAssemblies:ProcessInitializeOnLoadMethodAttributes ()

(Filename: Library/PackageCache/dev.yarnspinner.unity@2.3.1/Runtime/Commands/Actions.cs Line: 606)

Adding registration method Yarn.Unity.DefaultActions.RegisterActions
UnityEngine.StackTraceUtility:ExtractStackTrace ()
UnityEngine.DebugLogHandler:LogFormat (UnityEngine.LogType,UnityEngine.Object,string,object[])
UnityEngine.Logger:Log (UnityEngine.LogType,object)
UnityEngine.Debug:Log (object)
Yarn.Unity.Actions:AddRegistrationMethod (System.Action`1<Yarn.Unity.IActionRegistration>) (at Library/PackageCache/dev.yarnspinner.unity@2.3.1/Runtime/Commands/Actions.cs:606)
Yarn.Unity.DefaultActions:AddRegisterFunction () (at Library/PackageCache/dev.yarnspinner.unity@2.3.1/Runtime/Commands/DefaultActions.cs:18)
System.Reflection.RuntimeMethodInfo:Invoke (object,System.Reflection.BindingFlags,System.Reflection.Binder,object[],System.Globalization.CultureInfo)
System.Reflection.MethodBase:Invoke (object,object[])
UnityEditor.EditorAssemblies:ProcessInitializeOnLoadMethodAttributes ()

(Filename: Library/PackageCache/dev.yarnspinner.unity@2.3.1/Runtime/Commands/Actions.cs Line: 606)

Mono: successfully reloaded assembly
- Completed reload, in  1.314 seconds
Domain Reload Profiling:
	ReloadAssembly (1315ms)
		BeginReloadAssembly (97ms)
			ExecutionOrderSort (0ms)
			DisableScriptedObjects (4ms)
			BackupInstance (0ms)
			ReleaseScriptingObjects (0ms)
			CreateAndSetChildDomain (19ms)
		EndReloadAssembly (1110ms)
			LoadAssemblies (89ms)
			RebuildTransferFunctionScriptingTraits (0ms)
			SetupTypeCache (354ms)
			ReleaseScriptCaches (1ms)
			RebuildScriptCaches (52ms)
			SetupLoadedEditorAssemblies (575ms)
				LogAssemblyErrors (0ms)
				InitializePlatformSupportModulesInManaged (3ms)
				SetLoadedEditorAssemblies (0ms)
				RefreshPlugins (94ms)
				BeforeProcessingInitializeOnLoad (84ms)
				ProcessInitializeOnLoadAttributes (344ms)
				ProcessInitializeOnLoadMethodAttributes (41ms)
				AfterProcessingInitializeOnLoad (8ms)
				EditorAssembliesLoaded (0ms)
			ExecutionOrderSort2 (0ms)
			AwakeInstancesAfterBackupRestoration (4ms)
Platform modules already initialized, skipping
========================================================================
Worker process is ready to serve import requests
Launched and connected shader compiler UnityShaderCompiler.exe after 0.04 seconds
Refreshing native plugins compatible for Editor in 1.07 ms, found 4 plugins.
Preloading 0 native plugins for Editor in 0.00 ms.
Unloading 4203 Unused Serialized files (Serialized files now loaded: 0)
Unloading 68 unused Assets / (230.3 KB). Loaded Objects now: 4631.
Memory consumption went from 158.2 MB to 158.0 MB.
Total: 5.685800 ms (FindLiveObjects: 0.315900 ms CreateObjectMapping: 0.246200 ms MarkObjects: 4.930900 ms  DeleteObjects: 0.192000 ms)

AssetImportParameters requested are different than current active one (requested -> active):
  custom:video-decoder-ogg-theora: a1e56fd34408186e4bbccfd4996cb3dc -> 
  custom:container-muxer-webm: aa71ff27fc2769a1b78a27578f13a17b -> 
  custom:container-demuxer-webm: 4f35f7cbe854078d1ac9338744f61a02 -> 
  custom:video-encoder-webm-vp8: eb34c28f22e8b96e1ab97ce403110664 -> 
  custom:video-codec-MediaFoundation-h265: 746d11721c4dcdbdad8f713fa42b33f4 -> 
  custom:audio-encoder-webm-vorbis: bf7c407c2cedff20999df2af8eb42d56 -> 
  custom:framework-win-MediaFoundation: 216162199b28c13a410421893ffa2e32 -> 
  custom:container-demuxer-ogg: 62fdf1f143b41e24485cea50d1cbac27 -> 
  custom:video-decoder-webm-vp8: 9c59270c3fd7afecdb556c50c9e8de78 -> 
  custom:audio-decoder-ogg-vorbis: bf7c407c2cedff20999df2af8eb42d56 -> 
========================================================================
Received Import Request.
  Time since last request: 158213.957408 seconds.
  path: Assets/2ndPrototypeResources/UIAsset/Opening/DialoguePlayer.png
  artifactKey: Guid(e6d1bc15d235c554aac1f8c4233166b0) Importer(815301076,1909f56bfc062723c751e8b465ee728b)
Start importing Assets/2ndPrototypeResources/UIAsset/Opening/DialoguePlayer.png using Guid(e6d1bc15d235c554aac1f8c4233166b0) Importer(815301076,1909f56bfc062723c751e8b465ee728b)  -> (artifact id: '98012c305da2446b0311b4ca664b5eaa') in 0.112445 seconds 
========================================================================
Received Import Request.
  Time since last request: 397.754886 seconds.
  path: Assets/2ndPrototypeResources/UIAsset/Values
  artifactKey: Guid(7f56850728a87e147b5c556c2e3b898f) Importer(815301076,1909f56bfc062723c751e8b465ee728b)
Start importing Assets/2ndPrototypeResources/UIAsset/Values using Guid(7f56850728a87e147b5c556c2e3b898f) Importer(815301076,1909f56bfc062723c751e8b465ee728b)  -> (artifact id: '409a9c34b0ac16cfc346810cd98a8844') in 0.007029 seconds 
========================================================================
Received Import Request.
  Time since last request: 0.111689 seconds.
  path: Assets/2ndPrototypeResources/UIAsset/Values/Bravery.png
  artifactKey: Guid(73732e3a5b90d2d4fb84ab491726e7a1) Importer(815301076,1909f56bfc062723c751e8b465ee728b)
Start importing Assets/2ndPrototypeResources/UIAsset/Values/Bravery.png using Guid(73732e3a5b90d2d4fb84ab491726e7a1) Importer(815301076,1909f56bfc062723c751e8b465ee728b)  -> (artifact id: '787d6becc0fb50baea1a77b255a28fec') in 0.032702 seconds 
========================================================================
Received Import Request.
  Time since last request: 0.049420 seconds.
  path: Assets/2ndPrototypeResources/UIAsset/Values/BraveryFull.png
  artifactKey: Guid(581df2157dca11047a6ed732178fcc90) Importer(815301076,1909f56bfc062723c751e8b465ee728b)
Start importing Assets/2ndPrototypeResources/UIAsset/Values/BraveryFull.png using Guid(581df2157dca11047a6ed732178fcc90) Importer(815301076,1909f56bfc062723c751e8b465ee728b)  -> (artifact id: '14d67f2998e807a297ba36301313283e') in 0.023259 seconds 
========================================================================
Received Import Request.
  Time since last request: 0.018709 seconds.
  path: Assets/2ndPrototypeResources/UIAsset/Values/MagicFull.png
  artifactKey: Guid(591bd9d2f04f2df44aef46f9454659a9) Importer(815301076,1909f56bfc062723c751e8b465ee728b)
Start importing Assets/2ndPrototypeResources/UIAsset/Values/MagicFull.png using Guid(591bd9d2f04f2df44aef46f9454659a9) Importer(815301076,1909f56bfc062723c751e8b465ee728b)  -> (artifact id: '07d67e2225f3a9711f079465cd51679a') in 0.035720 seconds 
========================================================================
Received Import Request.
  Time since last request: 0.000021 seconds.
  path: Assets/2ndPrototypeResources/UIAsset/Values/Wisdom.png
  artifactKey: Guid(bfb9aecca2d3382419628986e7dd11a5) Importer(815301076,1909f56bfc062723c751e8b465ee728b)
Start importing Assets/2ndPrototypeResources/UIAsset/Values/Wisdom.png using Guid(bfb9aecca2d3382419628986e7dd11a5) Importer(815301076,1909f56bfc062723c751e8b465ee728b)  -> (artifact id: '2f9b4683d0190765e9c004a989ed66c8') in 0.025598 seconds 
========================================================================
Received Import Request.
  Time since last request: 0.000029 seconds.
  path: Assets/2ndPrototypeResources/UIAsset/Values/KindnessFull.png
  artifactKey: Guid(9b47456fac95c16418de173cc2750e74) Importer(815301076,1909f56bfc062723c751e8b465ee728b)
Start importing Assets/2ndPrototypeResources/UIAsset/Values/KindnessFull.png using Guid(9b47456fac95c16418de173cc2750e74) Importer(815301076,1909f56bfc062723c751e8b465ee728b)  -> (artifact id: '7304f310807e25b81f0f2878df85fc8d') in 0.024593 seconds 
========================================================================
Received Import Request.
  Time since last request: 0.000066 seconds.
  path: Assets/2ndPrototypeResources/UIAsset/Values/ValueUp.png
  artifactKey: Guid(6e0838ee76bae2f46b3d4886213faed6) Importer(815301076,1909f56bfc062723c751e8b465ee728b)
Start importing Assets/2ndPrototypeResources/UIAsset/Values/ValueUp.png using Guid(6e0838ee76bae2f46b3d4886213faed6) Importer(815301076,1909f56bfc062723c751e8b465ee728b)  -> (artifact id: 'b9f1933599b5f9899abb522f6d44480c') in 0.018738 seconds 
========================================================================
Received Import Request.
  Time since last request: 0.000022 seconds.
  path: Assets/2ndPrototypeResources/UIAsset/Values/WisdomFull.png
  artifactKey: Guid(0d663e7456f89c54e94132677d45734c) Importer(815301076,1909f56bfc062723c751e8b465ee728b)
Start importing Assets/2ndPrototypeResources/UIAsset/Values/WisdomFull.png using Guid(0d663e7456f89c54e94132677d45734c) Importer(815301076,1909f56bfc062723c751e8b465ee728b)  -> (artifact id: 'be5ea7f1e80655f079fd9e156ff8b427') in 0.022537 seconds 
Editor requested this worker to shutdown with reason: Scaling down because of idle timeout
AssetImportWorker is now disconnected from the server
Process exiting
Exiting without the bug reporter. Application will terminate with return code 0