Using pre-set license
Built from '2021.3/evg/staging/82bb020e-b03b1330/draft-0' branch; Version is '2021.3.16f1 (4016570cf34f) revision 4200023'; Using compiler version '192829333'; Build Type 'Release'
OS: 'Windows 11  (10.0.22621) 64bit CoreCountrySpecific' Language: 'zh' Physical Memory: 16021 MB
BatchMode: 1, IsHumanControllingUs: 0, StartBugReporterOnCrash: 0, Is64bit: 1, IsPro: 1

COMMAND LINE ARGUMENTS:
C:\Program Files\Unity 2021.3.16f1\Editor\Unity.exe
-adb2
-batchMode
-noUpm
-name
AssetImportWorker2
-projectPath
E:/文件/Project/2023SeriousGameProjectTeliaGroup/TeliaSG2023
-logFile
Logs/AssetImportWorker2.log
-srvPort
65393
Successfully changed project path to: E:/文件/Project/2023SeriousGameProjectTeliaGroup/TeliaSG2023
E:/文件/Project/2023SeriousGameProjectTeliaGroup/TeliaSG2023
[UnityMemory] Configuration Parameters - Can be set up in boot.config
    "memorysetup-bucket-allocator-granularity=16"
    "memorysetup-bucket-allocator-bucket-count=8"
    "memorysetup-bucket-allocator-block-size=33554432"
    "memorysetup-bucket-allocator-block-count=8"
    "memorysetup-main-allocator-block-size=16777216"
    "memorysetup-thread-allocator-block-size=16777216"
    "memorysetup-gfx-main-allocator-block-size=16777216"
    "memorysetup-gfx-thread-allocator-block-size=16777216"
    "memorysetup-cache-allocator-block-size=4194304"
    "memorysetup-typetree-allocator-block-size=2097152"
    "memorysetup-profiler-bucket-allocator-granularity=16"
    "memorysetup-profiler-bucket-allocator-bucket-count=8"
    "memorysetup-profiler-bucket-allocator-block-size=33554432"
    "memorysetup-profiler-bucket-allocator-block-count=8"
    "memorysetup-profiler-allocator-block-size=16777216"
    "memorysetup-profiler-editor-allocator-block-size=1048576"
    "memorysetup-temp-allocator-size-main=16777216"
    "memorysetup-job-temp-allocator-block-size=2097152"
    "memorysetup-job-temp-allocator-block-size-background=1048576"
    "memorysetup-job-temp-allocator-reduction-small-platforms=262144"
    "memorysetup-temp-allocator-size-background-worker=32768"
    "memorysetup-temp-allocator-size-job-worker=262144"
    "memorysetup-temp-allocator-size-preload-manager=33554432"
    "memorysetup-temp-allocator-size-nav-mesh-worker=65536"
    "memorysetup-temp-allocator-size-audio-worker=65536"
    "memorysetup-temp-allocator-size-cloud-worker=32768"
    "memorysetup-temp-allocator-size-gi-baking-worker=262144"
    "memorysetup-temp-allocator-size-gfx=262144"
Player connection [30056] Host "[IP] 192.168.1.106 [Port] 0 [Flags] 2 [Guid] 3830441828 [EditorId] 3830441828 [Version] 1048832 [Id] WindowsEditor(7,LAPTOP-2G41AH9R) [Debug] 1 [PackageName] WindowsEditor [ProjectName] Editor" joined multi-casting on [225.0.0.222:54997]...

Player connection [30056] Host "[IP] 192.168.1.106 [Port] 0 [Flags] 2 [Guid] 3830441828 [EditorId] 3830441828 [Version] 1048832 [Id] WindowsEditor(7,LAPTOP-2G41AH9R) [Debug] 1 [PackageName] WindowsEditor [ProjectName] Editor" joined alternative multi-casting on [225.0.0.222:34997]...

Refreshing native plugins compatible for Editor in 88.15 ms, found 4 plugins.
Preloading 0 native plugins for Editor in 0.00 ms.
Initialize engine version: 2021.3.16f1 (4016570cf34f)
[Subsystems] Discovering subsystems at path C:/Program Files/Unity 2021.3.16f1/Editor/Data/Resources/UnitySubsystems
[Subsystems] Discovering subsystems at path E:/文件/Project/2023SeriousGameProjectTeliaGroup/TeliaSG2023/Assets
GfxDevice: creating device client; threaded=0; jobified=0
Direct3D:
    Version:  Direct3D 11.0 [level 11.1]
    Renderer: NVIDIA GeForce RTX 3060 Laptop GPU (ID=0x2520)
    Vendor:   NVIDIA
    VRAM:     6009 MB
    Driver:   31.0.15.3667
Initialize mono
Mono path[0] = 'C:/Program Files/Unity 2021.3.16f1/Editor/Data/Managed'
Mono path[1] = 'C:/Program Files/Unity 2021.3.16f1/Editor/Data/MonoBleedingEdge/lib/mono/unityjit-win32'
Mono config path = 'C:/Program Files/Unity 2021.3.16f1/Editor/Data/MonoBleedingEdge/etc'
Using monoOptions --debugger-agent=transport=dt_socket,embedding=1,server=y,suspend=n,address=127.0.0.1:56320
Begin MonoManager ReloadAssembly
Registering precompiled unity dll's ...
Register platform support module: C:/Program Files/Unity 2021.3.16f1/Editor/Data/PlaybackEngines/WindowsStandaloneSupport/UnityEditor.WindowsStandalone.Extensions.dll
Registered in 0.003760 seconds.
Native extension for WindowsStandalone target not found
Refreshing native plugins compatible for Editor in 73.06 ms, found 4 plugins.
Preloading 0 native plugins for Editor in 0.00 ms.
Mono: successfully reloaded assembly
- Completed reload, in  0.508 seconds
Domain Reload Profiling:
	ReloadAssembly (509ms)
		BeginReloadAssembly (58ms)
			ExecutionOrderSort (0ms)
			DisableScriptedObjects (0ms)
			BackupInstance (0ms)
			ReleaseScriptingObjects (0ms)
			CreateAndSetChildDomain (1ms)
		EndReloadAssembly (367ms)
			LoadAssemblies (55ms)
			RebuildTransferFunctionScriptingTraits (0ms)
			SetupTypeCache (75ms)
			ReleaseScriptCaches (0ms)
			RebuildScriptCaches (21ms)
			SetupLoadedEditorAssemblies (230ms)
				LogAssemblyErrors (0ms)
				InitializePlatformSupportModulesInManaged (6ms)
				SetLoadedEditorAssemblies (0ms)
				RefreshPlugins (73ms)
				BeforeProcessingInitializeOnLoad (1ms)
				ProcessInitializeOnLoadAttributes (111ms)
				ProcessInitializeOnLoadMethodAttributes (39ms)
				AfterProcessingInitializeOnLoad (0ms)
				EditorAssembliesLoaded (1ms)
			ExecutionOrderSort2 (0ms)
			AwakeInstancesAfterBackupRestoration (0ms)
Platform modules already initialized, skipping
Registering precompiled user dll's ...
Registered in 0.013770 seconds.
Begin MonoManager ReloadAssembly
Symbol file LoadedFromMemory doesn't match image E:\文件\Project\2023SeriousGameProjectTeliaGroup\TeliaSG2023\Library\PackageCache\com.unity.visualscripting@1.7.8\Editor\VisualScripting.Core\Dependencies\DotNetZip\Unity.VisualScripting.IonicZip.dll
Symbol file LoadedFromMemory doesn't match image E:\文件\Project\2023SeriousGameProjectTeliaGroup\TeliaSG2023\Library\PackageCache\com.unity.visualscripting@1.7.8\Editor\VisualScripting.Core\Dependencies\YamlDotNet\Unity.VisualScripting.YamlDotNet.dll
Native extension for WindowsStandalone target not found
Refreshing native plugins compatible for Editor in 75.73 ms, found 4 plugins.
Preloading 0 native plugins for Editor in 0.00 ms.
Adding registration method Yarn.Unity.Generated.ActionRegistration.RegisterActions
UnityEngine.StackTraceUtility:ExtractStackTrace ()
UnityEngine.DebugLogHandler:LogFormat (UnityEngine.LogType,UnityEngine.Object,string,object[])
UnityEngine.Logger:Log (UnityEngine.LogType,object)
UnityEngine.Debug:Log (object)
Yarn.Unity.Actions:AddRegistrationMethod (System.Action`1<Yarn.Unity.IActionRegistration>) (at Library/PackageCache/dev.yarnspinner.unity@2.3.1/Runtime/Commands/Actions.cs:606)
Yarn.Unity.Generated.ActionRegistration:AddRegisterFunction () (at YarnSpinner.Unity.SourceCodeGenerator/ActionRegistrationSourceGenerator/YarnActionRegistration-YarnSpinnerTests.CommandsInAnAssemblyDefinition.Generated.cs:12)
System.Reflection.RuntimeMethodInfo:Invoke (object,System.Reflection.BindingFlags,System.Reflection.Binder,object[],System.Globalization.CultureInfo)
System.Reflection.MethodBase:Invoke (object,object[])
UnityEditor.EditorAssemblies:ProcessInitializeOnLoadMethodAttributes ()

(Filename: Library/PackageCache/dev.yarnspinner.unity@2.3.1/Runtime/Commands/Actions.cs Line: 606)

Adding registration method Yarn.Unity.DefaultActions.RegisterActions
UnityEngine.StackTraceUtility:ExtractStackTrace ()
UnityEngine.DebugLogHandler:LogFormat (UnityEngine.LogType,UnityEngine.Object,string,object[])
UnityEngine.Logger:Log (UnityEngine.LogType,object)
UnityEngine.Debug:Log (object)
Yarn.Unity.Actions:AddRegistrationMethod (System.Action`1<Yarn.Unity.IActionRegistration>) (at Library/PackageCache/dev.yarnspinner.unity@2.3.1/Runtime/Commands/Actions.cs:606)
Yarn.Unity.DefaultActions:AddRegisterFunction () (at Library/PackageCache/dev.yarnspinner.unity@2.3.1/Runtime/Commands/DefaultActions.cs:18)
System.Reflection.RuntimeMethodInfo:Invoke (object,System.Reflection.BindingFlags,System.Reflection.Binder,object[],System.Globalization.CultureInfo)
System.Reflection.MethodBase:Invoke (object,object[])
UnityEditor.EditorAssemblies:ProcessInitializeOnLoadMethodAttributes ()

(Filename: Library/PackageCache/dev.yarnspinner.unity@2.3.1/Runtime/Commands/Actions.cs Line: 606)

Mono: successfully reloaded assembly
- Completed reload, in  1.143 seconds
Domain Reload Profiling:
	ReloadAssembly (1143ms)
		BeginReloadAssembly (86ms)
			ExecutionOrderSort (0ms)
			DisableScriptedObjects (4ms)
			BackupInstance (0ms)
			ReleaseScriptingObjects (0ms)
			CreateAndSetChildDomain (14ms)
		EndReloadAssembly (965ms)
			LoadAssemblies (82ms)
			RebuildTransferFunctionScriptingTraits (0ms)
			SetupTypeCache (275ms)
			ReleaseScriptCaches (1ms)
			RebuildScriptCaches (48ms)
			SetupLoadedEditorAssemblies (525ms)
				LogAssemblyErrors (0ms)
				InitializePlatformSupportModulesInManaged (3ms)
				SetLoadedEditorAssemblies (0ms)
				RefreshPlugins (76ms)
				BeforeProcessingInitializeOnLoad (75ms)
				ProcessInitializeOnLoadAttributes (331ms)
				ProcessInitializeOnLoadMethodAttributes (33ms)
				AfterProcessingInitializeOnLoad (6ms)
				EditorAssembliesLoaded (0ms)
			ExecutionOrderSort2 (0ms)
			AwakeInstancesAfterBackupRestoration (4ms)
Platform modules already initialized, skipping
========================================================================
Worker process is ready to serve import requests
Launched and connected shader compiler UnityShaderCompiler.exe after 0.04 seconds
Refreshing native plugins compatible for Editor in 1.05 ms, found 4 plugins.
Preloading 0 native plugins for Editor in 0.00 ms.
Unloading 4203 Unused Serialized files (Serialized files now loaded: 0)
Unloading 68 unused Assets / (230.4 KB). Loaded Objects now: 4631.
Memory consumption went from 158.2 MB to 158.0 MB.
Total: 3.228000 ms (FindLiveObjects: 0.367600 ms CreateObjectMapping: 0.180700 ms MarkObjects: 2.549900 ms  DeleteObjects: 0.128600 ms)

AssetImportParameters requested are different than current active one (requested -> active):
  custom:video-decoder-ogg-theora: a1e56fd34408186e4bbccfd4996cb3dc -> 
  custom:container-muxer-webm: aa71ff27fc2769a1b78a27578f13a17b -> 
  custom:container-demuxer-webm: 4f35f7cbe854078d1ac9338744f61a02 -> 
  custom:video-encoder-webm-vp8: eb34c28f22e8b96e1ab97ce403110664 -> 
  custom:video-codec-MediaFoundation-h265: 746d11721c4dcdbdad8f713fa42b33f4 -> 
  custom:audio-encoder-webm-vorbis: bf7c407c2cedff20999df2af8eb42d56 -> 
  custom:framework-win-MediaFoundation: 216162199b28c13a410421893ffa2e32 -> 
  custom:container-demuxer-ogg: 62fdf1f143b41e24485cea50d1cbac27 -> 
  custom:video-decoder-webm-vp8: 9c59270c3fd7afecdb556c50c9e8de78 -> 
  custom:audio-decoder-ogg-vorbis: bf7c407c2cedff20999df2af8eb42d56 -> 
========================================================================
Received Import Request.
  Time since last request: 157957.437049 seconds.
  path: Assets/2ndPrototypeResources/TeliaFont
  artifactKey: Guid(a8081d19a7864664c94bf3e6a418fd2a) Importer(815301076,1909f56bfc062723c751e8b465ee728b)
Start importing Assets/2ndPrototypeResources/TeliaFont using Guid(a8081d19a7864664c94bf3e6a418fd2a) Importer(815301076,1909f56bfc062723c751e8b465ee728b)  -> (artifact id: '74406bf3a9a0b16cce9adb25ed604352') in 0.014813 seconds 
========================================================================
Received Import Request.
  Time since last request: 1.317448 seconds.
  path: Assets/2ndPrototypeResources/TeliaFont/OTF
  artifactKey: Guid(62898138ea612e24b8cd18c742ab4f44) Importer(815301076,1909f56bfc062723c751e8b465ee728b)
Start importing Assets/2ndPrototypeResources/TeliaFont/OTF using Guid(62898138ea612e24b8cd18c742ab4f44) Importer(815301076,1909f56bfc062723c751e8b465ee728b)  -> (artifact id: '13ac474bd725c6f97d8d9853a8ae0ebc') in 0.007024 seconds 
========================================================================
Received Import Request.
  Time since last request: 0.061430 seconds.
  path: Assets/2ndPrototypeResources/TeliaFont/OTF/TeliaSans-Bold.otf
  artifactKey: Guid(1db60f0d94eaf424b868e2e7e41d79a0) Importer(815301076,1909f56bfc062723c751e8b465ee728b)
Start importing Assets/2ndPrototypeResources/TeliaFont/OTF/TeliaSans-Bold.otf using Guid(1db60f0d94eaf424b868e2e7e41d79a0) Importer(815301076,1909f56bfc062723c751e8b465ee728b)  -> (artifact id: '639233bc0b664f14ab89775d3741a4ac') in 0.191945 seconds 
========================================================================
Received Import Request.
  Time since last request: 0.000025 seconds.
  path: Assets/2ndPrototypeResources/TeliaFont/OTF/TeliaSans-RegularItalic.otf
  artifactKey: Guid(8d35e19d0a38dc546a8a02e20c03bbf7) Importer(815301076,1909f56bfc062723c751e8b465ee728b)
Start importing Assets/2ndPrototypeResources/TeliaFont/OTF/TeliaSans-RegularItalic.otf using Guid(8d35e19d0a38dc546a8a02e20c03bbf7) Importer(815301076,1909f56bfc062723c751e8b465ee728b)  -> (artifact id: 'e1213b0d9181f10733f9bed417b76f7c') in 0.028042 seconds 
========================================================================
Received Import Request.
  Time since last request: 1.995277 seconds.
  path: Assets/2ndPrototypeResources/TeliaFont/TTF
  artifactKey: Guid(1eda5752d5ee94041bdd67c8a475e8d5) Importer(815301076,1909f56bfc062723c751e8b465ee728b)
Start importing Assets/2ndPrototypeResources/TeliaFont/TTF using Guid(1eda5752d5ee94041bdd67c8a475e8d5) Importer(815301076,1909f56bfc062723c751e8b465ee728b)  -> (artifact id: '9b2492c99cbf906c6e658014923c5dfd') in 0.010012 seconds 
========================================================================
Received Import Request.
  Time since last request: 0.049353 seconds.
  path: Assets/2ndPrototypeResources/TeliaFont/TTF/TeliaSans-Bold.ttf
  artifactKey: Guid(70cc536022f8c9041bd43bdbfab4af8b) Importer(815301076,1909f56bfc062723c751e8b465ee728b)
Start importing Assets/2ndPrototypeResources/TeliaFont/TTF/TeliaSans-Bold.ttf using Guid(70cc536022f8c9041bd43bdbfab4af8b) Importer(815301076,1909f56bfc062723c751e8b465ee728b)  -> (artifact id: 'cf6a300ae8f1b36289254427d667416b') in 0.012887 seconds 
========================================================================
Received Import Request.
  Time since last request: 0.000018 seconds.
  path: Assets/2ndPrototypeResources/TeliaFont/TTF/TeliaSans-RegularItalic.ttf
  artifactKey: Guid(0e12492b5bc10064599dda4cc99ec224) Importer(815301076,1909f56bfc062723c751e8b465ee728b)
Start importing Assets/2ndPrototypeResources/TeliaFont/TTF/TeliaSans-RegularItalic.ttf using Guid(0e12492b5bc10064599dda4cc99ec224) Importer(815301076,1909f56bfc062723c751e8b465ee728b)  -> (artifact id: 'a554232b58b465c714d30b2b04493197') in 0.010352 seconds 
========================================================================
Received Import Request.
  Time since last request: 0.000022 seconds.
  path: Assets/2ndPrototypeResources/TeliaFont/TTF/TeliaSans-Regular.ttf
  artifactKey: Guid(fdf1699eb48da744a91ac20c2160b48e) Importer(815301076,1909f56bfc062723c751e8b465ee728b)
Start importing Assets/2ndPrototypeResources/TeliaFont/TTF/TeliaSans-Regular.ttf using Guid(fdf1699eb48da744a91ac20c2160b48e) Importer(815301076,1909f56bfc062723c751e8b465ee728b)  -> (artifact id: 'dc333781086bf5286542d20e88ecff61') in 0.012057 seconds 
========================================================================
Received Import Request.
  Time since last request: 0.000030 seconds.
  path: Assets/2ndPrototypeResources/TeliaFont/TTF/TeliaSans-MediumItalic.ttf
  artifactKey: Guid(33115633246509140912fec7cbb00625) Importer(815301076,1909f56bfc062723c751e8b465ee728b)
Start importing Assets/2ndPrototypeResources/TeliaFont/TTF/TeliaSans-MediumItalic.ttf using Guid(33115633246509140912fec7cbb00625) Importer(815301076,1909f56bfc062723c751e8b465ee728b)  -> (artifact id: 'd85e786445e9d32ce9c90d15732c9ab3') in 0.011347 seconds 
Editor requested this worker to shutdown with reason: Scaling down because of idle timeout
AssetImportWorker is now disconnected from the server
Process exiting
Exiting without the bug reporter. Application will terminate with return code 0